<?xml version="1.0" encoding="UTF-8"?>
<testng-results ignored="0" total="1" passed="1" failed="0" skipped="0">
  <reporter-output>
  </reporter-output>
  <suite started-at="2025-11-22T09:17:55 IST" name="Default suite" finished-at="2025-11-22T09:19:17 IST" duration-ms="81988">
    <groups>
    </groups>
    <test started-at="2025-11-22T09:17:55 IST" name="Default test" finished-at="2025-11-22T09:19:17 IST" duration-ms="81988">
      <class name="testCases.GeneralStore.Ecom_TC04">
        <test-method is-config="true" signature="appiumSetUp()[pri:0, instance:testCases.GeneralStore.Ecom_TC04@3d34d211]" started-at="2025-11-22T09:17:55 IST" name="appiumSetUp" finished-at="2025-11-22T09:18:47 IST" duration-ms="51607" status="PASS">
          <reporter-output>
          </reporter-output>
        </test-method> <!-- appiumSetUp -->
        <test-method signature="addToCartTest()[pri:0, instance:testCases.GeneralStore.Ecom_TC04@3d34d211]" started-at="2025-11-22T09:18:47 IST" name="addToCartTest" finished-at="2025-11-22T09:19:14 IST" duration-ms="27257" status="PASS">
          <reporter-output>
          </reporter-output>
        </test-method> <!-- addToCartTest -->
        <test-method is-config="true" signature="appiumTearDown()[pri:0, instance:testCases.GeneralStore.Ecom_TC04@3d34d211]" started-at="2025-11-22T09:19:14 IST" name="appiumTearDown" finished-at="2025-11-22T09:19:17 IST" duration-ms="3029" status="PASS">
          <reporter-output>
          </reporter-output>
        </test-method> <!-- appiumTearDown -->
      </class> <!-- testCases.GeneralStore.Ecom_TC04 -->
    </test> <!-- Default test -->
  </suite> <!-- Default suite -->
</testng-results>
