<?xml version="1.0" encoding="UTF-8"?>
<testng-results ignored="0" total="1" passed="1" failed="0" skipped="0">
  <reporter-output>
  </reporter-output>
  <suite started-at="2025-11-18T10:19:35 IST" name="Default suite" finished-at="2025-11-18T10:20:13 IST" duration-ms="38335">
    <groups>
    </groups>
    <test started-at="2025-11-18T10:19:35 IST" name="Default test" finished-at="2025-11-18T10:20:13 IST" duration-ms="38335">
      <class name="testCases.GeneralStore.Ecom_TC04">
        <test-method is-config="true" signature="appiumSetUp()[pri:0, instance:testCases.GeneralStore.Ecom_TC04@3d34d211]" started-at="2025-11-18T10:19:35 IST" name="appiumSetUp" finished-at="2025-11-18T10:19:51 IST" duration-ms="15771" status="PASS">
          <reporter-output>
          </reporter-output>
        </test-method> <!-- appiumSetUp -->
        <test-method signature="addToCartTest()[pri:0, instance:testCases.GeneralStore.Ecom_TC04@3d34d211]" started-at="2025-11-18T10:19:51 IST" name="addToCartTest" finished-at="2025-11-18T10:20:11 IST" duration-ms="19831" status="PASS">
          <reporter-output>
          </reporter-output>
        </test-method> <!-- addToCartTest -->
        <test-method is-config="true" signature="appiumTearDown()[pri:0, instance:testCases.GeneralStore.Ecom_TC04@3d34d211]" started-at="2025-11-18T10:20:11 IST" name="appiumTearDown" finished-at="2025-11-18T10:20:13 IST" duration-ms="2654" status="PASS">
          <reporter-output>
          </reporter-output>
        </test-method> <!-- appiumTearDown -->
      </class> <!-- testCases.GeneralStore.Ecom_TC04 -->
    </test> <!-- Default test -->
  </suite> <!-- Default suite -->
</testng-results>
